Determining if the pthread_create exist failed with the following output:
Change Dir: /home/student/Documents/AL5D_in_Salento/ros_ws/build/CMakeFiles/CMakeTmp

Run Build Command:/usr/bin/make "cmTryCompileExec2963572276/fast"
/usr/bin/make -f CMakeFiles/cmTryCompileExec2963572276.dir/build.make CMakeFiles/cmTryCompileExec2963572276.dir/build
make[1]: Entering directory `/home/student/Documents/AL5D_in_Salento/ros_ws/build/CMakeFiles/CMakeTmp'
/usr/bin/cmake -E cmake_progress_report /home/student/Documents/AL5D_in_Salento/ros_ws/build/CMakeFiles/CMakeTmp/CMakeFiles 1
Building C object CMakeFiles/cmTryCompileExec2963572276.dir/CheckSymbolExists.c.o
/usr/bin/cc    -o CMakeFiles/cmTryCompileExec2963572276.dir/CheckSymbolExists.c.o   -c /home/student/Documents/AL5D_in_Salento/ros_ws/build/CMakeFiles/CMakeTmp/CheckSymbolExists.c
Linking C executable cmTryCompileExec2963572276
/usr/bin/cmake -E cmake_link_script CMakeFiles/cmTryCompileExec2963572276.dir/link.txt --verbose=1
/usr/bin/cc       CMakeFiles/cmTryCompileExec2963572276.dir/CheckSymbolExists.c.o  -o cmTryCompileExec2963572276 -rdynamic 
CMakeFiles/cmTryCompileExec2963572276.dir/CheckSymbolExists.c.o: In function `main':
CheckSymbolExists.c:(.text+0xa): undefined reference to `pthread_create'
collect2: error: ld returned 1 exit status
make[1]: *** [cmTryCompileExec2963572276] Error 1
make[1]: Leaving directory `/home/student/Documents/AL5D_in_Salento/ros_ws/build/CMakeFiles/CMakeTmp'
make: *** [cmTryCompileExec2963572276/fast] Error 2

File /home/student/Documents/AL5D_in_Salento/ros_ws/build/CMakeFiles/CMakeTmp/CheckSymbolExists.c:
/* */
#include <pthread.h>

int main(int argc, char** argv)
{
  (void)argv;
#ifndef pthread_create
  return ((int*)(&pthread_create))[argc];
#else
  (void)argc;
  return 0;
#endif
}

Determining if the function pthread_create exists in the pthreads failed with the following output:
Change Dir: /home/student/Documents/AL5D_in_Salento/ros_ws/build/CMakeFiles/CMakeTmp

Run Build Command:/usr/bin/make "cmTryCompileExec3647609512/fast"
/usr/bin/make -f CMakeFiles/cmTryCompileExec3647609512.dir/build.make CMakeFiles/cmTryCompileExec3647609512.dir/build
make[1]: Entering directory `/home/student/Documents/AL5D_in_Salento/ros_ws/build/CMakeFiles/CMakeTmp'
/usr/bin/cmake -E cmake_progress_report /home/student/Documents/AL5D_in_Salento/ros_ws/build/CMakeFiles/CMakeTmp/CMakeFiles 1
Building C object CMakeFiles/cmTryCompileExec3647609512.dir/CheckFunctionExists.c.o
/usr/bin/cc   -DCHECK_FUNCTION_EXISTS=pthread_create   -o CMakeFiles/cmTryCompileExec3647609512.dir/CheckFunctionExists.c.o   -c /usr/share/cmake-2.8/Modules/CheckFunctionExists.c
Linking C executable cmTryCompileExec3647609512
/usr/bin/cmake -E cmake_link_script CMakeFiles/cmTryCompileExec3647609512.dir/link.txt --verbose=1
/usr/bin/cc   -DCHECK_FUNCTION_EXISTS=pthread_create    CMakeFiles/cmTryCompileExec3647609512.dir/CheckFunctionExists.c.o  -o cmTryCompileExec3647609512 -rdynamic -lpthreads 
/usr/bin/ld: cannot find -lpthreads
collect2: error: ld returned 1 exit status
make[1]: *** [cmTryCompileExec3647609512] Error 1
make[1]: Leaving directory `/home/student/Documents/AL5D_in_Salento/ros_ws/build/CMakeFiles/CMakeTmp'
make: *** [cmTryCompileExec3647609512/fast] Error 2


